<?xml version="1.0" encoding="UTF-8"?>
<!-- Generated by org.testng.reporters.JUnitReportReporter -->
<testsuite name="com.globant.bootcampAutomation.AppTest" tests="1" time="0.004" ignored="0" failures="0" timestamp="27 Apr 2017 23:47:24 GMT" skipped="0" hostname="cobogpgp8445.global.publicisgroupe.net" errors="0">
  <testcase name="testApp" time="0.004" classname="com.globant.bootcampAutomation.AppTest"/>
</testsuite> <!-- com.globant.bootcampAutomation.AppTest -->
